2025-08-27 22:12:33 | INFO | __main__:46 | Logger loaded.
2025-08-27 22:12:33 | INFO | __main__:172 | STARTING main()..
2025-08-27 22:12:33 | INFO | __main__:173 | Byline:

**********************************************************
DataFun Project — Project Header
**********************************************************
Author:                     Abdellah Boudlal
Motto:                      Learning Python step by step
Years Active:               5
Accepting New Clients?:     True
Remote Workshops?:          True
Services:                   ['Data Analysis', 'Machine Learning', 'Business Intelligence']
Client Satisfaction Scores: [4.8, 4.6, 4.9, 5.0, 4.7]
Minimum Satisfaction Score: 4.6
Maximum Satisfaction Score: 5.0
Mean Satisfaction Score:    4.80
     Standard Deviation:    0.16
Is Hiring:                  False
Number of Employees:        25
Location:                   Philadelphia, PA
Office Locations:           ['Philadelphia', 'Newyork', 'Chicago']
Number of Locations:        3
**********************************************************

2025-08-27 22:12:33 | INFO | __main__:184 | This module is organized like all Python modules.
2025-08-27 22:12:33 | INFO | __main__:185 | We write professional Python from the start.
2025-08-27 22:12:33 | INFO | __main__:186 | END main()...
